<?xml version="1.0" encoding="UTF-8"?>
<!-- Generated by org.testng.reporters.JUnitXMLReporter -->
<testsuite hostname="LP-5CD7485ZW3" ignored="0" name="Regression Validation Test" tests="1" failures="1" timestamp="2020-08-10T15:14:42 IST" time="0.014" errors="0">
  <testcase name="validateTitles" time="0.007" classname="regressionlTests.Validations">
    <failure type="java.lang.AssertionError" message="expected [Yahoo.com] but found [Google.com]">
      <![CDATA[java.lang.AssertionError: expected [Yahoo.com] but found [Google.com]
at regressionlTests.Validations.validateTitles(Validations.java:21)
at java.util.ArrayList.forEach(Unknown Source)
... Removed 33 stack frames]]>
    </failure>
  </testcase> <!-- validateTitles -->
</testsuite> <!-- Regression Validation Test -->
