<?xml version="1.0" encoding="UTF-8"?>
<!-- Generated by org.testng.reporters.JUnitXMLReporter -->
<testsuite hostname="LP-5CD7485ZW3" ignored="1" name="Dependencies Test" tests="3" failures="1" timestamp="2020-08-10T15:42:52 IST" time="0.061" errors="0">
  <testcase name="doUserRegistration" time="0.012" classname="groupTests.TestDependencies">
    <failure type="java.lang.AssertionError" message="User not registered successfully">
      <![CDATA[java.lang.AssertionError: User not registered successfully
at groupTests.TestDependencies.doUserRegistration(TestDependencies.java:13)
at java.util.ArrayList.forEach(Unknown Source)
... Removed 28 stack frames]]>
    </failure>
  </testcase> <!-- doUserRegistration -->
  <testcase name="doForgotPassword" time="0.001" classname="groupTests.TestDependencies"/>
  <testcase name="doForgotUsername" time="0.002" classname="groupTests.TestDependencies"/>
  <testcase name="doLogin" time="0.0" classname="groupTests.TestDependencies">
    <ignored/>
  </testcase> <!-- doLogin -->
</testsuite> <!-- Dependencies Test -->
